<?xml version="1.0" encoding="UTF-8"?>
<!-- Generated by org.testng.reporters.JUnitXMLReporter -->
<testsuite hostname="LAPTOP-CNPB3TNK" ignored="0" name="Device_Info" tests="3" failures="0" timestamp="2023-11-09T13:01:27 IST" time="61.553" errors="0">
  <testcase name="EriBank_MakePayment" time="16.544" classname="pk_appium.EriBank_App_DataDrivenTesting_Parameters"/>
  <testcase name="EriBank_MakePayment" time="15.724" classname="pk_appium.EriBank_App_DataDrivenTesting_Parameters"/>
  <testcase name="EriBank_MakePayment" time="15.497" classname="pk_appium.EriBank_App_DataDrivenTesting_Parameters"/>
</testsuite> <!-- Device_Info -->
